<?xml version="1.0" encoding="UTF-8"?>
<!-- Generated by org.testng.reporters.JUnitReportReporter -->
<testsuite skipped="0" hostname="VIGNESH" name="testcases.TC001_LoginLogout" tests="2" failures="0" timestamp="2019-09-29T13:01:20 IST" time="69.027" errors="0">
  <testcase name="loginTestcase" time="29.938" classname="testcases.TC001_LoginLogout"/>
  <testcase name="loginTestcase" time="39.089" classname="testcases.TC001_LoginLogout"/>
</testsuite> <!-- testcases.TC001_LoginLogout -->
